<?xml version="1.0" encoding="utf-8"?><testsuites name="pytest tests"><testsuite name="pytest" errors="0" failures="0" skipped="0" tests="5" time="1.676" timestamp="2026-07-28T01:07:34.154399+00:00" hostname="agent-env-b195e6fc-230e-40f2-bffe-9d2ce18eb3e9"><testcase classname="tests.test_import_name_resolution" name="test_existing_users_have_resolved_ids" time="0.975" /><testcase classname="tests.test_import_name_resolution" name="test_import_preview_name_resolution" time="0.235" /><testcase classname="tests.test_import_name_resolution" name="test_import_commit_updates_resolved_ids" time="0.109" /><testcase classname="tests.test_import_name_resolution" name="test_import_accepts_raw_ids" time="0.108" /><testcase classname="tests.test_import_name_resolution" name="test_import_template_uses_names" time="0.061" /></testsuite></testsuites>