<?xml version="1.0" encoding="utf-8"?><testsuites name="pytest tests"><testsuite name="pytest" errors="0" failures="0" skipped="0" tests="57" time="11.445" timestamp="2026-07-22T12:48:34.511177+00:00" hostname="agent-env-b195e6fc-230e-40f2-bffe-9d2ce18eb3e9"><testcase classname="tests.backend_test.TestAuth" name="test_login_success" time="0.393" /><testcase classname="tests.backend_test.TestAuth" name="test_login_invalid" time="0.417" /><testcase classname="tests.backend_test.TestPhase4Endpoints" name="test_reports_with_filters" time="0.816" /><testcase classname="tests.backend_test.TestPhase4Endpoints" name="test_reports_without_filters" time="0.268" /><testcase classname="tests.backend_test.TestPhase4Endpoints" name="test_reports_export_csv_content_disposition" time="0.124" /><testcase classname="tests.backend_test.TestAuth" name="test_me_with_token" time="0.346" /><testcase classname="tests.backend_test.TestAuth" name="test_me_without_token" time="0.101" /><testcase classname="tests.backend_test.TestPhase4Endpoints" name="test_novelties_list" time="0.049" /><testcase classname="tests.backend_test.TestPhase4Endpoints" name="test_novelty_vacation_future_bulk_approve_delete" time="0.410" /><testcase classname="tests.backend_test.TestAuth" name="test_logout" time="0.047" /><testcase classname="tests.backend_test.TestAuth" name="test_needs_bootstrap" time="0.090" /><testcase classname="tests.backend_test.TestAuth" name="test_change_password_and_revert" time="1.956" /><testcase classname="tests.backend_test.TestPhase4Endpoints" name="test_novelties_bulk_decide_reject_multiple" time="1.271" /><testcase classname="tests.backend_test.TestPhase4Endpoints" name="test_attendance_team_days_7" time="0.048" /><testcase classname="tests.backend_test.TestPhase4Endpoints" name="test_employee_sidebar_role_restrictions_via_api" time="1.835" /><testcase classname="tests.backend_test.TestAuth" name="test_reset_password_admin" time="1.103" /><testcase classname="tests.backend_test.TestAuth" name="test_reset_password_404" time="0.276" /><testcase classname="tests.backend_test.TestStatsReports" name="test_stats_dashboard" time="0.052" /><testcase classname="tests.backend_test.TestStatsReports" name="test_reports_list" time="0.048" /><testcase classname="tests.backend_test.TestExecutiveStats" name="test_executive_default_30" time="0.050" /><testcase classname="tests.backend_test.TestStatsReports" name="test_reports_list_with_range" time="0.045" /><testcase classname="tests.backend_test.TestExecutiveStats" name="test_executive_multiple_ranges[7]" time="0.046" /><testcase classname="tests.backend_test.TestStatsReports" name="test_reports_employee_forbidden" time="0.670" /><testcase classname="tests.backend_test.TestExecutiveStats" name="test_executive_multiple_ranges[14]" time="0.229" /><testcase classname="tests.backend_test.TestExecutiveStats" name="test_executive_multiple_ranges[30]" time="0.270" /><testcase classname="tests.backend_test.TestExecutiveStats" name="test_executive_multiple_ranges[60]" time="0.051" /><testcase classname="tests.backend_test.TestExecutiveStats" name="test_executive_multiple_ranges[90]" time="0.053" /><testcase classname="tests.backend_test.TestExecutiveStats" name="test_executive_employee_forbidden" time="0.859" /><testcase classname="tests.backend_test.TestStatsReports" name="test_reports_export_csv" time="0.258" /><testcase classname="tests.backend_test.TestUsers" name="test_users_list" time="0.044" /><testcase classname="tests.backend_test.TestUsers" name="test_users_crud_flow" time="0.788" /><testcase classname="tests.backend_test.TestExecutiveStats" name="test_executive_unauth" time="0.152" /><testcase classname="tests.backend_test.TestUsersPhotoEndpoint" name="test_photo_admin_self_not_onboarded" time="0.113" /><testcase classname="tests.backend_test.TestUsers" name="test_users_import_template" time="0.285" /><testcase classname="tests.backend_test.TestUsersPhotoEndpoint" name="test_photo_onboarded_user" time="1.122" /><testcase classname="tests.backend_test.TestUsers" name="test_users_import_csv" time="0.576" /><testcase classname="tests.backend_test.TestKiosk" name="test_kiosk_unlock_admin" time="0.269" /><testcase classname="tests.backend_test.TestKiosk" name="test_kiosk_unlock_employee_denied" time="0.360" /><testcase classname="tests.backend_test.TestUsersPhotoEndpoint" name="test_photo_nonexistent_user_404" time="0.272" /><testcase classname="tests.backend_test.TestUsersPhotoEndpoint" name="test_photo_requires_auth" time="0.101" /><testcase classname="tests.backend_test.TestKiosk" name="test_kiosk_roster" time="0.152" /><testcase classname="tests.backend_test.TestSites" name="test_sites_list_and_crud" time="0.199" /><testcase classname="tests.backend_test.TestAttendance" name="test_attendance_check_me_today" time="0.187" /><testcase classname="tests.backend_test.TestSites" name="test_sites_resolve_link" time="0.088" /><testcase classname="tests.backend_test.TestGeofenceRemoved" name="test_attendance_check_within_geofence_is_none" time="0.061" /><testcase classname="tests.backend_test.TestAttendance" name="test_attendance_team_admin" time="0.046" /><testcase classname="tests.backend_test.TestGeofenceRemoved" name="test_attendance_check_without_coords" time="0.049" /><testcase classname="tests.backend_test.TestAttendance" name="test_attendance_team_employee_forbidden" time="0.757" /><testcase classname="tests.backend_test.TestSitesOptionalLatLng" name="test_create_site_without_lat_lng" time="0.653" /><testcase classname="tests.backend_test.TestSitesOptionalLatLng" name="test_update_site_only_name" time="0.224" /><testcase classname="tests.backend_test.TestRoot" name="test_root" time="0.047" /><testcase classname="tests.backend_test.TestSettings" name="test_settings_get_and_put_revert" time="0.162" /><testcase classname="tests.backend_test.TestDepartments" name="test_departments_list_and_crud" time="0.232" /><testcase classname="tests.backend_test.TestNovelties" name="test_novelties_full_cycle" time="0.187" /><testcase classname="tests.backend_test.TestSchedules" name="test_schedules_list_and_create" time="0.561" /><testcase classname="tests.backend_test.TestOnboarding" name="test_onboarding_selfie" time="1.096" /><testcase classname="tests.backend_test.TestKioskRosterOnboarded" name="test_kiosk_roster_shape" time="0.871" /></testsuite></testsuites>