<?xml version="1.0" encoding="utf-8"?><testsuites name="pytest tests"><testsuite name="pytest" errors="0" failures="0" skipped="0" tests="10" time="4.900" timestamp="2026-07-28T20:13:51.287390+00:00" hostname="agent-env-b195e6fc-230e-40f2-bffe-9d2ce18eb3e9"><testcase classname="tests.test_visits.TestVisitPermissions" name="test_admin_sets_permissions" time="1.107" /><testcase classname="tests.test_visits.TestVisitPermissions" name="test_non_admin_cannot_set_permissions" time="0.787" /><testcase classname="tests.test_visits.TestVisitCreation" name="test_create_personal_visit_admin" time="0.226" /><testcase classname="tests.test_visits.TestVisitCreation" name="test_laboral_requires_company" time="0.128" /><testcase classname="tests.test_visits.TestVisitCreation" name="test_laboral_requires_phone" time="0.121" /><testcase classname="tests.test_visits.TestVisitCreation" name="test_empty_visitors" time="0.169" /><testcase classname="tests.test_visits.TestVisitPermissionEnforcement" name="test_employee_without_permission_403" time="0.583" /><testcase classname="tests.test_visits.TestVisitPermissionEnforcement" name="test_employee_with_permission_can_create" time="0.514" /><testcase classname="tests.test_visits.TestKioskPendingVisits" name="test_today_visit_returned_tomorrow_not" time="0.277" /><testcase classname="tests.test_visits.TestSelfieCapture" name="test_sequential_capture_completes" time="0.922" /></testsuite></testsuites>