<?xml version="1.0" encoding="utf-8"?><testsuites name="pytest tests"><testsuite name="pytest" errors="0" failures="0" skipped="0" tests="12" time="2.928" timestamp="2026-07-28T23:39:23.086140+00:00" hostname="agent-env-b195e6fc-230e-40f2-bffe-9d2ce18eb3e9"><testcase classname="tests.test_visits_addendum.TestIsMinor" name="test_personal_minor_no_cedula_accepted" time="0.862" /><testcase classname="tests.test_visits_addendum.TestCloseVisit" name="test_close_success" time="0.869" /><testcase classname="tests.test_visits_addendum.TestIsMinor" name="test_personal_minor_null_cedula_accepted" time="0.075" /><testcase classname="tests.test_visits_addendum.TestCloseVisit" name="test_close_already_closed" time="0.187" /><testcase classname="tests.test_visits_addendum.TestIsMinor" name="test_personal_not_minor_no_cedula_rejected" time="0.072" /><testcase classname="tests.test_visits_addendum.TestIsMinor" name="test_personal_absent_is_minor_no_cedula_rejected" time="0.064" /><testcase classname="tests.test_visits_addendum.TestCloseVisit" name="test_close_not_found" time="0.062" /><testcase classname="tests.test_visits_addendum.TestIsMinor" name="test_laboral_requires_cedula_even_if_minor_flag" time="0.107" /><testcase classname="tests.test_visits_addendum.TestIsMinor" name="test_laboral_no_phone_rejected" time="0.418" /><testcase classname="tests.test_visits_addendum.TestCloseVisit" name="test_close_no_permission" time="0.938" /><testcase classname="tests.test_visits_addendum.TestCloseVisit" name="test_get_visit_after_close_has_fields" time="0.155" /><testcase classname="tests.test_visits_addendum.TestCloseVisit" name="test_duration_calculation_approx_30min" time="0.367" /></testsuite></testsuites>