<?xml version="1.0" encoding="utf-8"?><testsuites name="pytest tests"><testsuite name="pytest" errors="0" failures="0" skipped="0" tests="6" time="3.274" timestamp="2026-09-15T01:29:44.565755+00:00" hostname="agent-env-b195e6fc-230e-40f2-bffe-9d2ce18eb3e9"><testcase classname="tests.test_iter18_addendum" name="test_bulk_with_cells_creates_exact_pairs" time="1.003" /><testcase classname="tests.test_iter18_addendum" name="test_clear_with_cells_deletes_only_those_pairs" time="0.389" /><testcase classname="tests.test_iter18_addendum" name="test_bulk_legacy_cartesian_still_works" time="0.234" /><testcase classname="tests.test_iter18_addendum" name="test_plan_persists_row_order" time="0.193" /><testcase classname="tests.test_iter18_addendum" name="test_put_plan_prunes_out_of_range_assignments" time="0.531" /><testcase classname="tests.test_iter18_addendum" name="test_matrix_special_statuses_future_and_novelty_and_day_off" time="0.855" /></testsuite></testsuites>