<?xml version="1.0" encoding="utf-8"?><testsuites name="pytest tests"><testsuite name="pytest" errors="0" failures="0" skipped="0" tests="14" time="8.892" timestamp="2026-07-22T12:43:51.498216+00:00" hostname="agent-env-b195e6fc-230e-40f2-bffe-9d2ce18eb3e9"><testcase classname="tests.test_iter7_features.TestSetPinPermissions" name="test_admin_sets_pin_for_other_user" time="2.459" /><testcase classname="tests.test_iter7_features.TestUsersCreateWithPin" name="test_create_user_with_valid_pin" time="2.501" /><testcase classname="tests.test_iter7_features.TestSetPinPermissions" name="test_employee_can_set_own_pin" time="1.844" /><testcase classname="tests.test_iter7_features.TestUsersCreateWithPin" name="test_create_user_with_pin_non_numeric_400" time="0.457" /><testcase classname="tests.test_iter7_features.TestUsersCreateWithPin" name="test_create_user_with_pin_too_short_400" time="0.453" /><testcase classname="tests.test_iter7_features.TestUsersCreateWithPin" name="test_create_user_with_pin_too_long_400" time="0.441" /><testcase classname="tests.test_iter7_features.TestUsersCreateWithPin" name="test_create_user_without_pin_verify_returns_404" time="0.725" /><testcase classname="tests.test_iter7_features.TestSetPinPermissions" name="test_employee_cannot_set_other_pin_403" time="1.530" /><testcase classname="tests.test_iter7_features.TestKioskReenrollFace" name="test_reenroll_correct_pin_updates_selfie" time="1.294" /><testcase classname="tests.test_iter7_features.TestSetPinPermissions" name="test_set_pin_invalid_format_400" time="0.759" /><testcase classname="tests.test_iter7_features.TestKioskReenrollFace" name="test_reenroll_wrong_pin_401" time="1.258" /><testcase classname="tests.test_iter7_features.TestSelfiePermissions" name="test_admin_sets_selfie_for_other_user_marks_onboarded" time="0.903" /><testcase classname="tests.test_iter7_features.TestKioskReenrollFace" name="test_reenroll_user_without_pin_401" time="0.901" /><testcase classname="tests.test_iter7_features.TestSelfiePermissions" name="test_employee_cannot_set_other_selfie_403" time="0.939" /></testsuite></testsuites>