<?xml version="1.0" encoding="utf-8"?><testsuites name="pytest tests"><testsuite name="pytest" errors="0" failures="0" skipped="0" tests="12" time="3.374" timestamp="2026-09-14T20:48:06.892382+00:00" hostname="agent-env-b195e6fc-230e-40f2-bffe-9d2ce18eb3e9"><testcase classname="tests.test_iter17_features.TestVisits" name="test_new_data_center_purposes" time="1.235" /><testcase classname="tests.test_iter17_features.TestNoveltiesMultiDate" name="test_remote_multi_date_creates_three" time="1.423" /><testcase classname="tests.test_iter17_features.TestVisits" name="test_old_generic_data_center_rejected" time="0.098" /><testcase classname="tests.test_iter17_features.TestVisits" name="test_internal_visitor_no_phone_no_cedula" time="0.161" /><testcase classname="tests.test_iter17_features.TestNoveltiesMultiDate" name="test_vacation_multi_date_rejected" time="0.147" /><testcase classname="tests.test_iter17_features.TestVisits" name="test_internal_visitor_requires_internal_user_id" time="0.128" /><testcase classname="tests.test_iter17_features.TestNoveltiesMultiDate" name="test_remote_multi_date_missing_times_rejected" time="0.136" /><testcase classname="tests.test_iter17_features.TestScheduleColor" name="test_create_and_update_with_colors" time="0.875" /><testcase classname="tests.test_iter17_features.TestPlanOverlap" name="test_disjoint_users_overlapping_ranges_allowed" time="0.419" /><testcase classname="tests.test_iter17_features.TestPlanOverlap" name="test_shared_user_overlapping_ranges_conflict" time="0.301" /><testcase classname="tests.test_iter17_features.TestScheduleColor" name="test_invalid_color_rejected_or_normalized" time="0.172" /><testcase classname="tests.test_iter17_features.TestMatrixReport" name="test_future_approved_novelty_projected_as_novelty_full" time="0.372" /></testsuite></testsuites>