<?xml version="1.0" encoding="utf-8"?><testsuites name="pytest tests"><testsuite name="pytest" errors="0" failures="0" skipped="0" tests="10" time="70.605" timestamp="2026-09-21T23:34:48.284695+00:00" hostname="agent-env-b195e6fc-230e-40f2-bffe-9d2ce18eb3e9"><testcase classname="tests.test_iter22_general_access" name="test_catalog_incluye_reporte_general_accesos" time="13.682" /><testcase classname="tests.test_iter22_general_access" name="test_requires_date_range" time="0.150" /><testcase classname="tests.test_iter22_general_access" name="test_rbac_denies_employee_without_perm" time="13.668" /><testcase classname="tests.test_iter22_general_access" name="test_admin_returns_rows_with_expected_shape" time="0.213" /><testcase classname="tests.test_iter22_general_access" name="test_site_filter_returns_site_name" time="0.319" /><testcase classname="tests.test_iter22_general_access" name="test_department_filter_restricts" time="0.298" /><testcase classname="tests.test_iter22_general_access" name="test_director_sees_full_payroll" time="13.961" /><testcase classname="tests.test_iter22_general_access" name="test_gerente_scope_is_team" time="13.744" /><testcase classname="tests.test_iter22_general_access" name="test_coordinador_scope_is_team" time="13.819" /><testcase classname="tests.test_iter22_general_access" name="test_pdf_export_is_valid_pdf" time="0.616" /></testsuite></testsuites>