<?xml version="1.0" encoding="utf-8"?><testsuites name="pytest tests"><testsuite name="pytest" errors="0" failures="0" skipped="0" tests="12" time="3.845" timestamp="2026-07-22T03:47:20.587739+00:00" hostname="agent-env-b195e6fc-230e-40f2-bffe-9d2ce18eb3e9"><testcase classname="tests.test_kiosk_auto_type.TestKioskRegression" name="test_kiosk_unlock_admin" time="0.677" /><testcase classname="tests.test_kiosk_auto_type.TestKioskRegression" name="test_kiosk_roster_shape" time="0.407" /><testcase classname="tests.test_kiosk_auto_type.TestKioskNextTypeAndAutoDetect" name="test_01_next_type_no_marks_today_is_in" time="1.418" /><testcase classname="tests.test_kiosk_auto_type.TestKioskNextTypeAndAutoDetect" name="test_02_post_auto_creates_in" time="0.102" /><testcase classname="tests.test_kiosk_auto_type.TestKioskRegression" name="test_kiosk_verify_pin_no_pin_configured_returns_404" time="0.914" /><testcase classname="tests.test_kiosk_auto_type.TestKioskNextTypeAndAutoDetect" name="test_03_next_type_after_in_is_out" time="0.280" /><testcase classname="tests.test_kiosk_auto_type.TestKioskNextTypeAndAutoDetect" name="test_04_post_no_type_defaults_auto_and_creates_out" time="0.098" /><testcase classname="tests.test_kiosk_auto_type.TestKioskNextTypeAndAutoDetect" name="test_05_next_type_after_out_is_in" time="0.136" /><testcase classname="tests.test_kiosk_auto_type.TestKioskRegression" name="test_kiosk_verify_pin_success_and_wrong" time="1.405" /><testcase classname="tests.test_kiosk_auto_type.TestKioskNextTypeAndAutoDetect" name="test_06_post_explicit_in_still_works" time="0.292" /><testcase classname="tests.test_kiosk_auto_type.TestKioskNextTypeAndAutoDetect" name="test_07_post_explicit_out_still_works" time="0.327" /><testcase classname="tests.test_kiosk_auto_type.TestKioskNextTypeAndAutoDetect" name="test_08_next_type_404_for_nonexistent" time="0.638" /></testsuite></testsuites>