<?xml version="1.0" encoding="utf-8"?><testsuites name="pytest tests"><testsuite name="pytest" errors="0" failures="0" skipped="0" tests="6" time="4.627" timestamp="2026-09-15T03:05:37.228737+00:00" hostname="agent-env-b195e6fc-230e-40f2-bffe-9d2ce18eb3e9"><testcase classname="tests.test_iter19_transactional" name="test_1_transactional_create_plan" time="1.641" /><testcase classname="tests.test_iter19_transactional" name="test_2_overlap_rejects_and_leaves_original_intact" time="0.594" /><testcase classname="tests.test_iter19_transactional" name="test_3_overwrite_replaces" time="0.500" /><testcase classname="tests.test_iter19_transactional" name="test_4_put_replaces_exact" time="0.654" /><testcase classname="tests.test_iter19_transactional" name="test_5_bulk_and_clear_legacy_cells" time="0.442" /><testcase classname="tests.test_iter19_transactional" name="test_6_matrix_special_reflects_plan" time="0.462" /></testsuite></testsuites>