<?xml version="1.0" encoding="utf-8"?><testsuites name="pytest tests"><testsuite name="pytest" errors="0" failures="0" skipped="0" tests="14" time="2.289" timestamp="2026-07-22T23:37:12.236812+00:00" hostname="agent-env-b195e6fc-230e-40f2-bffe-9d2ce18eb3e9"><testcase classname="tests.test_iter8_kiosk_matching.TestMatchingLogic" name="test_case_a_clear_match_confirms_after_3_frames" time="0.000" /><testcase classname="tests.test_iter8_kiosk_matching.TestKioskEndpointsRegression" name="test_roster_public" time="0.437" /><testcase classname="tests.test_iter8_kiosk_matching.TestMatchingLogic" name="test_case_b_ambiguous_rejects" time="0.000" /><testcase classname="tests.test_iter8_kiosk_matching.TestMatchingLogic" name="test_case_c_weak_rejects" time="0.000" /><testcase classname="tests.test_iter8_kiosk_matching.TestMatchingLogic" name="test_case_boundary_threshold_equal_is_rejected" time="0.000" /><testcase classname="tests.test_iter8_kiosk_matching.TestMatchingLogic" name="test_case_boundary_margin_exact_is_ambiguous" time="0.000" /><testcase classname="tests.test_iter8_kiosk_matching.TestMatchingLogic" name="test_case_no_face_resets_counter" time="0.000" /><testcase classname="tests.test_iter8_kiosk_matching.TestMatchingLogic" name="test_case_switching_user_resets_counter" time="0.000" /><testcase classname="tests.test_iter8_kiosk_matching.TestMatchingLogic" name="test_case_ambiguous_between_verifying_frames_resets" time="0.000" /><testcase classname="tests.test_iter8_kiosk_matching.TestMatchingLogic" name="test_original_bug_scenario_similar_faces_never_matches" time="0.000" /><testcase classname="tests.test_iter8_kiosk_matching.TestKioskEndpointsRegression" name="test_next_type_endpoint" time="0.421" /><testcase classname="tests.test_iter8_kiosk_matching.TestKioskEndpointsRegression" name="test_kiosk_attendance_check_auto" time="0.379" /><testcase classname="tests.test_iter8_kiosk_matching.TestKioskEndpointsRegression" name="test_reenroll_face_requires_pin" time="0.413" /><testcase classname="tests.test_iter8_kiosk_matching.TestKioskEndpointsRegression" name="test_kiosk_unlock_admin" time="0.290" /></testsuite></testsuites>