<?xml version="1.0" encoding="utf-8"?><testsuites name="pytest tests"><testsuite name="pytest" errors="0" failures="0" skipped="0" tests="6" time="4.088" timestamp="2026-07-28T02:53:46.754459+00:00" hostname="agent-env-b195e6fc-230e-40f2-bffe-9d2ce18eb3e9"><testcase classname="tests.test_change_password.TestChangePasswordAuth" name="test_no_token_returns_401" time="0.202" /><testcase classname="tests.test_change_password.TestChangePasswordAuth" name="test_invalid_token_returns_401" time="0.252" /><testcase classname="tests.test_change_password.TestChangePasswordValidation" name="test_wrong_current_password_returns_400" time="0.830" /><testcase classname="tests.test_change_password.TestChangePasswordValidation" name="test_new_password_too_short_returns_422" time="0.232" /><testcase classname="tests.test_change_password.TestChangePasswordValidation" name="test_new_equal_to_old_returns_400" time="0.407" /><testcase classname="tests.test_change_password.TestChangePasswordSuccessFlow" name="test_full_change_and_restore" time="3.301" /></testsuite></testsuites>