<?xml version="1.0" encoding="utf-8"?><testsuites name="pytest tests"><testsuite name="pytest" errors="0" failures="0" skipped="0" tests="5" time="1.948" timestamp="2026-07-28T21:06:25.511725+00:00" hostname="agent-env-b195e6fc-230e-40f2-bffe-9d2ce18eb3e9"><testcase classname="tests.test_kiosk_visit_flow" name="test_kleiver_user_exists" time="0.693" /><testcase classname="tests.test_kiosk_visit_flow" name="test_seed_pending_visit_if_missing" time="0.206" /><testcase classname="tests.test_kiosk_visit_flow" name="test_pending_visits_endpoint_returns_visit" time="0.141" /><testcase classname="tests.test_kiosk_visit_flow" name="test_attendance_check_then_pending_still_returned" time="0.360" /><testcase classname="tests.test_kiosk_visit_flow" name="test_regression_user_without_visit_returns_empty" time="0.225" /></testsuite></testsuites>