<?xml version="1.0" encoding="utf-8"?><testsuites name="pytest tests"><testsuite name="pytest" errors="0" failures="0" skipped="0" tests="14" time="117.972" timestamp="2026-09-17T20:37:28.268724+00:00" hostname="agent-env-b195e6fc-230e-40f2-bffe-9d2ce18eb3e9"><testcase classname="tests.test_iter21_2fa_security.TestSecuritySettings" name="test_get_requires_admin" time="0.397" /><testcase classname="tests.test_iter21_2fa_security.TestSecuritySettings" name="test_get_returns_config_defaults_bounds" time="0.595" /><testcase classname="tests.test_iter21_2fa_security.TestSecuritySettings" name="test_put_rejects_out_of_range" time="0.220" /><testcase classname="tests.test_iter21_2fa_security.TestSecuritySettings" name="test_put_rejects_warning_ge_expiration" time="0.254" /><testcase classname="tests.test_iter21_2fa_security.TestSecuritySettings" name="test_put_accepts_valid" time="0.225" /><testcase classname="tests.test_iter21_2fa_security.TestSecuritySettings" name="test_public_security_policy" time="0.224" /><testcase classname="tests.test_iter21_2fa_security.TestLogin2FAOff" name="test_login_direct_jwt" time="12.031" /><testcase classname="tests.test_iter21_2fa_security.TestLogin2FAOn" name="test_login_returns_otp_challenge" time="15.072" /><testcase classname="tests.test_iter21_2fa_security.TestLogin2FAOn" name="test_verify_otp_wrong_code_decrements_attempts" time="12.812" /><testcase classname="tests.test_iter21_2fa_security.TestLogin2FAOn" name="test_verify_otp_correct_code_success" time="13.325" /><testcase classname="tests.test_iter21_2fa_security.TestLogin2FAOn" name="test_verify_otp_reuse_rejected" time="12.234" /><testcase classname="tests.test_iter21_2fa_security.TestLogin2FAOn" name="test_verify_otp_invalid_token" time="0.276" /><testcase classname="tests.test_iter21_2fa_security.TestLogin2FAOn" name="test_kiosk_bypass_2fa" time="11.256" /><testcase classname="tests.test_iter21_2fa_security.TestDynamicLockout" name="test_max_attempts_dynamic" time="38.911" /></testsuite></testsuites>