<?xml version="1.0" encoding="utf-8"?><testsuites name="pytest tests"><testsuite name="pytest" errors="0" failures="0" skipped="0" tests="4" time="2.768" timestamp="2026-07-28T00:32:04.086318+00:00" hostname="agent-env-b195e6fc-230e-40f2-bffe-9d2ce18eb3e9"><testcase classname="tests.test_role_normalization" name="test_all_users_have_canonical_role" time="0.653" /><testcase classname="tests.test_role_normalization" name="test_known_users_name_proper_case" time="0.188" /><testcase classname="tests.test_role_normalization" name="test_import_preview_normalizes_role" time="0.330" /><testcase classname="tests.test_role_normalization" name="test_import_commit_role_and_name" time="1.068" /></testsuite></testsuites>