<?xml version="1.0" encoding="utf-8"?><testsuites name="pytest tests"><testsuite name="pytest" errors="0" failures="0" skipped="1" tests="6" time="40.648" timestamp="2026-08-17T13:17:24.485384+00:00" hostname="agent-env-b195e6fc-230e-40f2-bffe-9d2ce18eb3e9"><testcase classname="tests.test_entry_e2_lateness" name="test_backfill_e1_on_time" time="39.240" /><testcase classname="tests.test_entry_e2_lateness" name="test_backfill_e2_gap_75_gives_excess_15" time="0.001" /><testcase classname="tests.test_entry_e2_lateness" name="test_backfill_out_records_untouched_entry_index" time="0.001" /><testcase classname="tests.test_entry_e2_lateness" name="test_backfill_preserves_approved" time="0.001" /><testcase classname="tests.test_entry_e2_lateness" name="test_attendance_me_includes_entry_index" time="0.634" /><testcase classname="tests.test_entry_e2_lateness" name="test_attendance_team_includes_entry_index" time="0.630"><skipped type="pytest.skip" message="días fuera de rango team endpoint — no crítico">/app/backend/tests/test_entry_e2_lateness.py:207: días fuera de rango team endpoint — no crítico</skipped></testcase></testsuite></testsuites>