<?xml version="1.0" encoding="utf-8"?><testsuites name="pytest tests"><testsuite name="pytest" errors="0" failures="0" skipped="0" tests="32" time="8.185" timestamp="2026-07-22T01:22:42.695949+00:00" hostname="agent-env-b195e6fc-230e-40f2-bffe-9d2ce18eb3e9"><testcase classname="tests.backend_test.TestAuth" name="test_login_success" time="0.392" /><testcase classname="tests.backend_test.TestAuth" name="test_login_invalid" time="0.444" /><testcase classname="tests.backend_test.TestStatsReports" name="test_stats_dashboard" time="0.845" /><testcase classname="tests.backend_test.TestStatsReports" name="test_reports_list" time="0.268" /><testcase classname="tests.backend_test.TestStatsReports" name="test_reports_list_with_range" time="0.048" /><testcase classname="tests.backend_test.TestAuth" name="test_me_with_token" time="0.337" /><testcase classname="tests.backend_test.TestStatsReports" name="test_reports_employee_forbidden" time="0.830" /><testcase classname="tests.backend_test.TestAuth" name="test_me_without_token" time="0.265" /><testcase classname="tests.backend_test.TestAuth" name="test_logout" time="0.045" /><testcase classname="tests.backend_test.TestAuth" name="test_needs_bootstrap" time="0.229" /><testcase classname="tests.backend_test.TestAuth" name="test_change_password_and_revert" time="2.055" /><testcase classname="tests.backend_test.TestStatsReports" name="test_reports_export_csv" time="0.512" /><testcase classname="tests.backend_test.TestUsers" name="test_users_list" time="0.254" /><testcase classname="tests.backend_test.TestUsers" name="test_users_crud_flow" time="1.555" /><testcase classname="tests.backend_test.TestAuth" name="test_reset_password_admin" time="0.864" /><testcase classname="tests.backend_test.TestUsers" name="test_users_import_template" time="0.272" /><testcase classname="tests.backend_test.TestUsers" name="test_users_import_csv" time="0.779" /><testcase classname="tests.backend_test.TestAuth" name="test_reset_password_404" time="0.270" /><testcase classname="tests.backend_test.TestKiosk" name="test_kiosk_unlock_admin" time="0.457" /><testcase classname="tests.backend_test.TestKiosk" name="test_kiosk_unlock_employee_denied" time="0.470" /><testcase classname="tests.backend_test.TestAttendance" name="test_attendance_check_me_today" time="0.389" /><testcase classname="tests.backend_test.TestAttendance" name="test_attendance_team_admin" time="0.045" /><testcase classname="tests.backend_test.TestAttendance" name="test_attendance_team_employee_forbidden" time="0.676" /><testcase classname="tests.backend_test.TestKiosk" name="test_kiosk_roster" time="0.360" /><testcase classname="tests.backend_test.TestSites" name="test_sites_list_and_crud" time="0.328" /><testcase classname="tests.backend_test.TestRoot" name="test_root" time="0.044" /><testcase classname="tests.backend_test.TestSettings" name="test_settings_get_and_put_revert" time="0.158" /><testcase classname="tests.backend_test.TestSites" name="test_sites_resolve_link" time="0.046" /><testcase classname="tests.backend_test.TestDepartments" name="test_departments_list_and_crud" time="0.303" /><testcase classname="tests.backend_test.TestSchedules" name="test_schedules_list_and_create" time="0.137" /><testcase classname="tests.backend_test.TestNovelties" name="test_novelties_full_cycle" time="0.599" /><testcase classname="tests.backend_test.TestOnboarding" name="test_onboarding_selfie" time="0.726" /></testsuite></testsuites>